[debug] [2024-05-13T04:59:04.170Z] ----------------------------------------------------------------------
[debug] [2024-05-13T04:59:04.173Z] Command:       C:\Program Files\nodejs\node.exe C:\Users\avira\AppData\Roaming\npm\node_modules\firebase-tools\lib\bin\firebase.js use --add
[debug] [2024-05-13T04:59:04.174Z] CLI Version:   13.8.3
[debug] [2024-05-13T04:59:04.174Z] Platform:      win32
[debug] [2024-05-13T04:59:04.174Z] Node Version:  v20.12.2
[debug] [2024-05-13T04:59:04.174Z] Time:          Mon May 13 2024 10:29:04 GMT+0530 (India Standard Time)
[debug] [2024-05-13T04:59:04.175Z] ----------------------------------------------------------------------
[debug] 
[debug] [2024-05-13T04:59:04.262Z] > command requires scopes: ["email","openid","https://www.googleapis.com/auth/cloudplatformprojects.readonly","https://www.googleapis.com/auth/firebase","https://www.googleapis.com/auth/cloud-platform"]
[debug] [2024-05-13T04:59:04.263Z] > authorizing via signed-in user (aviraljuyal@gmail.com)
[debug] [2024-05-13T04:59:04.266Z] > refreshing access token with scopes: []
[debug] [2024-05-13T04:59:04.269Z] >>> [apiv2][query] POST https://www.googleapis.com/oauth2/v3/token [none]
[debug] [2024-05-13T04:59:04.270Z] >>> [apiv2][body] POST https://www.googleapis.com/oauth2/v3/token [omitted]
[debug] [2024-05-13T04:59:04.554Z] <<< [apiv2][status] POST https://www.googleapis.com/oauth2/v3/token 400
[debug] [2024-05-13T04:59:04.554Z] <<< [apiv2][body] POST https://www.googleapis.com/oauth2/v3/token [omitted]
[debug] [2024-05-13T04:59:04.556Z] >>> [apiv2][query] GET https://firebase.googleapis.com/v1beta1/projects pageSize=1000
[debug] [2024-05-13T04:59:04.900Z] <<< [apiv2][status] GET https://firebase.googleapis.com/v1beta1/projects 401
[debug] [2024-05-13T04:59:04.901Z] <<< [apiv2][body] GET https://firebase.googleapis.com/v1beta1/projects [omitted]
[debug] [2024-05-13T04:59:04.903Z] HTTP Error: 401, Request had invalid authentication credentials. Expected OAuth 2 access token, login cookie or other valid authentication credential. See https://developers.google.com/identity/sign-in/web/devconsole-project.
[debug] [2024-05-13T04:59:05.071Z] FirebaseError: HTTP Error: 401, Request had invalid authentication credentials. Expected OAuth 2 access token, login cookie or other valid authentication credential. See https://developers.google.com/identity/sign-in/web/devconsole-project.
    at responseToError (C:\Users\avira\AppData\Roaming\npm\node_modules\firebase-tools\lib\responseToError.js:49:12)
    at RetryOperation._fn (C:\Users\avira\AppData\Roaming\npm\node_modules\firebase-tools\lib\apiv2.js:305:77)
    at process.processTicksAndRejections (node:internal/process/task_queues:95:5)
[error] 
[error] Error: Failed to list Firebase projects. See firebase-debug.log for more info.
